<?xml version="1.0" encoding="UTF-8"?>
<testsuite xmlns:xsi="http://www.w3.org/2001/XMLSchema-instance" xsi:noNamespaceSchemaLocation="https://maven.apache.org/surefire/maven-surefire-plugin/xsd/surefire-test-report-3.0.xsd" version="3.0" name="com.ayaanalam.journalapp.service.UserServiceTest" time="3.573" tests="3" errors="0" skipped="3" failures="0">
  <properties>
    <property name="java.specification.version" value="17"/>
    <property name="sun.cpu.isalist" value="amd64"/>
    <property name="sun.jnu.encoding" value="Cp1252"/>
    <property name="java.class.path" value="D:\Course Work\SpringBoot Learning\journalapp\target\test-classes;D:\Course Work\SpringBoot Learning\journalapp\target\classes;C:\Users\AYAAN ALAM\.m2\repository\org\springframework\boot\spring-boot-starter-actuator\3.3.6\spring-boot-starter-actuator-3.3.6.jar;C:\Users\AYAAN ALAM\.m2\repository\org\springframework\boot\spring-boot-starter\3.3.6\spring-boot-starter-3.3.6.jar;C:\Users\AYAAN ALAM\.m2\repository\org\springframework\boot\spring-boot-starter-logging\3.3.6\spring-boot-starter-logging-3.3.6.jar;C:\Users\AYAAN ALAM\.m2\repository\ch\qos\logback\logback-classic\1.5.12\logback-classic-1.5.12.jar;C:\Users\AYAAN ALAM\.m2\repository\ch\qos\logback\logback-core\1.5.12\logback-core-1.5.12.jar;C:\Users\AYAAN ALAM\.m2\repository\org\apache\logging\log4j\log4j-to-slf4j\2.23.1\log4j-to-slf4j-2.23.1.jar;C:\Users\AYAAN ALAM\.m2\repository\org\apache\logging\log4j\log4j-api\2.23.1\log4j-api-2.23.1.jar;C:\Users\AYAAN ALAM\.m2\repository\org\slf4j\jul-to-slf4j\2.0.16\jul-to-slf4j-2.0.16.jar;C:\Users\AYAAN ALAM\.m2\repository\jakarta\annotation\jakarta.annotation-api\2.1.1\jakarta.annotation-api-2.1.1.jar;C:\Users\AYAAN ALAM\.m2\repository\org\yaml\snakeyaml\2.2\snakeyaml-2.2.jar;C:\Users\AYAAN ALAM\.m2\repository\org\springframework\boot\spring-boot-actuator-autoconfigure\3.3.6\spring-boot-actuator-autoconfigure-3.3.6.jar;C:\Users\AYAAN ALAM\.m2\repository\org\springframework\boot\spring-boot-actuator\3.3.6\spring-boot-actuator-3.3.6.jar;C:\Users\AYAAN ALAM\.m2\repository\com\fasterxml\jackson\core\jackson-databind\2.17.3\jackson-databind-2.17.3.jar;C:\Users\AYAAN ALAM\.m2\repository\com\fasterxml\jackson\core\jackson-annotations\2.17.3\jackson-annotations-2.17.3.jar;C:\Users\AYAAN ALAM\.m2\repository\com\fasterxml\jackson\core\jackson-core\2.17.3\jackson-core-2.17.3.jar;C:\Users\AYAAN ALAM\.m2\repository\com\fasterxml\jackson\datatype\jackson-datatype-jsr310\2.17.3\jackson-datatype-jsr310-2.17.3.jar;C:\Users\AYAAN ALAM\.m2\repository\io\micrometer\micrometer-observation\1.13.8\micrometer-observation-1.13.8.jar;C:\Users\AYAAN ALAM\.m2\repository\io\micrometer\micrometer-commons\1.13.8\micrometer-commons-1.13.8.jar;C:\Users\AYAAN ALAM\.m2\repository\io\micrometer\micrometer-jakarta9\1.13.8\micrometer-jakarta9-1.13.8.jar;C:\Users\AYAAN ALAM\.m2\repository\io\micrometer\micrometer-core\1.13.8\micrometer-core-1.13.8.jar;C:\Users\AYAAN ALAM\.m2\repository\org\hdrhistogram\HdrHistogram\2.2.2\HdrHistogram-2.2.2.jar;C:\Users\AYAAN ALAM\.m2\repository\org\latencyutils\LatencyUtils\2.0.3\LatencyUtils-2.0.3.jar;C:\Users\AYAAN ALAM\.m2\repository\org\springframework\boot\spring-boot-starter-web\3.3.6\spring-boot-starter-web-3.3.6.jar;C:\Users\AYAAN ALAM\.m2\repository\org\springframework\boot\spring-boot-starter-json\3.3.6\spring-boot-starter-json-3.3.6.jar;C:\Users\AYAAN ALAM\.m2\repository\com\fasterxml\jackson\datatype\jackson-datatype-jdk8\2.17.3\jackson-datatype-jdk8-2.17.3.jar;C:\Users\AYAAN ALAM\.m2\repository\com\fasterxml\jackson\module\jackson-module-parameter-names\2.17.3\jackson-module-parameter-names-2.17.3.jar;C:\Users\AYAAN ALAM\.m2\repository\org\springframework\boot\spring-boot-starter-tomcat\3.3.6\spring-boot-starter-tomcat-3.3.6.jar;C:\Users\AYAAN ALAM\.m2\repository\org\apache\tomcat\embed\tomcat-embed-core\10.1.33\tomcat-embed-core-10.1.33.jar;C:\Users\AYAAN ALAM\.m2\repository\org\apache\tomcat\embed\tomcat-embed-el\10.1.33\tomcat-embed-el-10.1.33.jar;C:\Users\AYAAN ALAM\.m2\repository\org\apache\tomcat\embed\tomcat-embed-websocket\10.1.33\tomcat-embed-websocket-10.1.33.jar;C:\Users\AYAAN ALAM\.m2\repository\org\springframework\spring-web\6.1.15\spring-web-6.1.15.jar;C:\Users\AYAAN ALAM\.m2\repository\org\springframework\spring-beans\6.1.15\spring-beans-6.1.15.jar;C:\Users\AYAAN ALAM\.m2\repository\org\springframework\spring-webmvc\6.1.15\spring-webmvc-6.1.15.jar;C:\Users\AYAAN ALAM\.m2\repository\org\springframework\spring-context\6.1.15\spring-context-6.1.15.jar;C:\Users\AYAAN ALAM\.m2\repository\org\springframework\spring-expression\6.1.15\spring-expression-6.1.15.jar;C:\Users\AYAAN ALAM\.m2\repository\org\springframework\boot\spring-boot-devtools\3.3.6\spring-boot-devtools-3.3.6.jar;C:\Users\AYAAN ALAM\.m2\repository\org\springframework\boot\spring-boot\3.3.6\spring-boot-3.3.6.jar;C:\Users\AYAAN ALAM\.m2\repository\org\springframework\boot\spring-boot-autoconfigure\3.3.6\spring-boot-autoconfigure-3.3.6.jar;C:\Users\AYAAN ALAM\.m2\repository\org\springframework\boot\spring-boot-starter-test\3.3.6\spring-boot-starter-test-3.3.6.jar;C:\Users\AYAAN ALAM\.m2\repository\org\springframework\boot\spring-boot-test\3.3.6\spring-boot-test-3.3.6.jar;C:\Users\AYAAN ALAM\.m2\repository\org\springframework\boot\spring-boot-test-autoconfigure\3.3.6\spring-boot-test-autoconfigure-3.3.6.jar;C:\Users\AYAAN ALAM\.m2\repository\com\jayway\jsonpath\json-path\2.9.0\json-path-2.9.0.jar;C:\Users\AYAAN ALAM\.m2\repository\org\slf4j\slf4j-api\2.0.16\slf4j-api-2.0.16.jar;C:\Users\AYAAN ALAM\.m2\repository\jakarta\xml\bind\jakarta.xml.bind-api\4.0.2\jakarta.xml.bind-api-4.0.2.jar;C:\Users\AYAAN ALAM\.m2\repository\jakarta\activation\jakarta.activation-api\2.1.3\jakarta.activation-api-2.1.3.jar;C:\Users\AYAAN ALAM\.m2\repository\net\minidev\json-smart\2.5.1\json-smart-2.5.1.jar;C:\Users\AYAAN ALAM\.m2\repository\net\minidev\accessors-smart\2.5.1\accessors-smart-2.5.1.jar;C:\Users\AYAAN ALAM\.m2\repository\org\ow2\asm\asm\9.6\asm-9.6.jar;C:\Users\AYAAN ALAM\.m2\repository\org\assertj\assertj-core\3.25.3\assertj-core-3.25.3.jar;C:\Users\AYAAN ALAM\.m2\repository\net\bytebuddy\byte-buddy\1.14.19\byte-buddy-1.14.19.jar;C:\Users\AYAAN ALAM\.m2\repository\org\awaitility\awaitility\4.2.2\awaitility-4.2.2.jar;C:\Users\AYAAN ALAM\.m2\repository\org\hamcrest\hamcrest\2.2\hamcrest-2.2.jar;C:\Users\AYAAN ALAM\.m2\repository\org\junit\jupiter\junit-jupiter\5.10.5\junit-jupiter-5.10.5.jar;C:\Users\AYAAN ALAM\.m2\repository\org\junit\jupiter\junit-jupiter-api\5.10.5\junit-jupiter-api-5.10.5.jar;C:\Users\AYAAN ALAM\.m2\repository\org\opentest4j\opentest4j\1.3.0\opentest4j-1.3.0.jar;C:\Users\AYAAN ALAM\.m2\repository\org\junit\platform\junit-platform-commons\1.10.5\junit-platform-commons-1.10.5.jar;C:\Users\AYAAN ALAM\.m2\repository\org\apiguardian\apiguardian-api\1.1.2\apiguardian-api-1.1.2.jar;C:\Users\AYAAN ALAM\.m2\repository\org\junit\jupiter\junit-jupiter-params\5.10.5\junit-jupiter-params-5.10.5.jar;C:\Users\AYAAN ALAM\.m2\repository\org\junit\jupiter\junit-jupiter-engine\5.10.5\junit-jupiter-engine-5.10.5.jar;C:\Users\AYAAN ALAM\.m2\repository\org\junit\platform\junit-platform-engine\1.10.5\junit-platform-engine-1.10.5.jar;C:\Users\AYAAN ALAM\.m2\repository\org\mockito\mockito-core\5.11.0\mockito-core-5.11.0.jar;C:\Users\AYAAN ALAM\.m2\repository\net\bytebuddy\byte-buddy-agent\1.14.19\byte-buddy-agent-1.14.19.jar;C:\Users\AYAAN ALAM\.m2\repository\org\objenesis\objenesis\3.3\objenesis-3.3.jar;C:\Users\AYAAN ALAM\.m2\repository\org\mockito\mockito-junit-jupiter\5.11.0\mockito-junit-jupiter-5.11.0.jar;C:\Users\AYAAN ALAM\.m2\repository\org\skyscreamer\jsonassert\1.5.3\jsonassert-1.5.3.jar;C:\Users\AYAAN ALAM\.m2\repository\com\vaadin\external\google\android-json\0.0.20131108.vaadin1\android-json-0.0.20131108.vaadin1.jar;C:\Users\AYAAN ALAM\.m2\repository\org\springframework\spring-core\6.1.15\spring-core-6.1.15.jar;C:\Users\AYAAN ALAM\.m2\repository\org\springframework\spring-jcl\6.1.15\spring-jcl-6.1.15.jar;C:\Users\AYAAN ALAM\.m2\repository\org\springframework\spring-test\6.1.15\spring-test-6.1.15.jar;C:\Users\AYAAN ALAM\.m2\repository\org\xmlunit\xmlunit-core\2.9.1\xmlunit-core-2.9.1.jar;C:\Users\AYAAN ALAM\.m2\repository\org\springframework\boot\spring-boot-starter-data-mongodb\3.3.6\spring-boot-starter-data-mongodb-3.3.6.jar;C:\Users\AYAAN ALAM\.m2\repository\org\mongodb\mongodb-driver-sync\5.0.1\mongodb-driver-sync-5.0.1.jar;C:\Users\AYAAN ALAM\.m2\repository\org\mongodb\bson\5.0.1\bson-5.0.1.jar;C:\Users\AYAAN ALAM\.m2\repository\org\mongodb\mongodb-driver-core\5.0.1\mongodb-driver-core-5.0.1.jar;C:\Users\AYAAN ALAM\.m2\repository\org\mongodb\bson-record-codec\5.0.1\bson-record-codec-5.0.1.jar;C:\Users\AYAAN ALAM\.m2\repository\org\springframework\data\spring-data-mongodb\4.3.6\spring-data-mongodb-4.3.6.jar;C:\Users\AYAAN ALAM\.m2\repository\org\springframework\spring-tx\6.1.15\spring-tx-6.1.15.jar;C:\Users\AYAAN ALAM\.m2\repository\org\springframework\data\spring-data-commons\3.3.6\spring-data-commons-3.3.6.jar;C:\Users\AYAAN ALAM\.m2\repository\org\projectlombok\lombok\1.18.36\lombok-1.18.36.jar;C:\Users\AYAAN ALAM\.m2\repository\org\springframework\boot\spring-boot-starter-security\3.3.6\spring-boot-starter-security-3.3.6.jar;C:\Users\AYAAN ALAM\.m2\repository\org\springframework\spring-aop\6.1.15\spring-aop-6.1.15.jar;C:\Users\AYAAN ALAM\.m2\repository\org\springframework\security\spring-security-config\6.3.5\spring-security-config-6.3.5.jar;C:\Users\AYAAN ALAM\.m2\repository\org\springframework\security\spring-security-core\6.3.5\spring-security-core-6.3.5.jar;C:\Users\AYAAN ALAM\.m2\repository\org\springframework\security\spring-security-crypto\6.3.5\spring-security-crypto-6.3.5.jar;C:\Users\AYAAN ALAM\.m2\repository\org\springframework\security\spring-security-web\6.3.5\spring-security-web-6.3.5.jar;"/>
    <property name="java.vm.vendor" value="Oracle Corporation"/>
    <property name="sun.arch.data.model" value="64"/>
    <property name="user.variant" value=""/>
    <property name="java.vendor.url" value="https://java.oracle.com/"/>
    <property name="user.timezone" value="Asia/Calcutta"/>
    <property name="os.name" value="Windows 11"/>
    <property name="java.vm.specification.version" value="17"/>
    <property name="sun.java.launcher" value="SUN_STANDARD"/>
    <property name="user.country" value="IN"/>
    <property name="sun.boot.library.path" value="C:\Program Files\Java\jdk-17\bin"/>
    <property name="sun.java.command" value="C:\Users\AYAAN ALAM\AppData\Local\Temp\surefire16475940004257973582\surefirebooter-20241223152450323_3.jar C:\Users\AYAAN ALAM\AppData\Local\Temp\surefire16475940004257973582 2024-12-23T15-24-50_192-jvmRun1 surefire-20241223152450323_1tmp surefire_0-20241223152450323_2tmp"/>
    <property name="jdk.debug" value="release"/>
    <property name="surefire.test.class.path" value="D:\Course Work\SpringBoot Learning\journalapp\target\test-classes;D:\Course Work\SpringBoot Learning\journalapp\target\classes;C:\Users\AYAAN ALAM\.m2\repository\org\springframework\boot\spring-boot-starter-actuator\3.3.6\spring-boot-starter-actuator-3.3.6.jar;C:\Users\AYAAN ALAM\.m2\repository\org\springframework\boot\spring-boot-starter\3.3.6\spring-boot-starter-3.3.6.jar;C:\Users\AYAAN ALAM\.m2\repository\org\springframework\boot\spring-boot-starter-logging\3.3.6\spring-boot-starter-logging-3.3.6.jar;C:\Users\AYAAN ALAM\.m2\repository\ch\qos\logback\logback-classic\1.5.12\logback-classic-1.5.12.jar;C:\Users\AYAAN ALAM\.m2\repository\ch\qos\logback\logback-core\1.5.12\logback-core-1.5.12.jar;C:\Users\AYAAN ALAM\.m2\repository\org\apache\logging\log4j\log4j-to-slf4j\2.23.1\log4j-to-slf4j-2.23.1.jar;C:\Users\AYAAN ALAM\.m2\repository\org\apache\logging\log4j\log4j-api\2.23.1\log4j-api-2.23.1.jar;C:\Users\AYAAN ALAM\.m2\repository\org\slf4j\jul-to-slf4j\2.0.16\jul-to-slf4j-2.0.16.jar;C:\Users\AYAAN ALAM\.m2\repository\jakarta\annotation\jakarta.annotation-api\2.1.1\jakarta.annotation-api-2.1.1.jar;C:\Users\AYAAN ALAM\.m2\repository\org\yaml\snakeyaml\2.2\snakeyaml-2.2.jar;C:\Users\AYAAN ALAM\.m2\repository\org\springframework\boot\spring-boot-actuator-autoconfigure\3.3.6\spring-boot-actuator-autoconfigure-3.3.6.jar;C:\Users\AYAAN ALAM\.m2\repository\org\springframework\boot\spring-boot-actuator\3.3.6\spring-boot-actuator-3.3.6.jar;C:\Users\AYAAN ALAM\.m2\repository\com\fasterxml\jackson\core\jackson-databind\2.17.3\jackson-databind-2.17.3.jar;C:\Users\AYAAN ALAM\.m2\repository\com\fasterxml\jackson\core\jackson-annotations\2.17.3\jackson-annotations-2.17.3.jar;C:\Users\AYAAN ALAM\.m2\repository\com\fasterxml\jackson\core\jackson-core\2.17.3\jackson-core-2.17.3.jar;C:\Users\AYAAN ALAM\.m2\repository\com\fasterxml\jackson\datatype\jackson-datatype-jsr310\2.17.3\jackson-datatype-jsr310-2.17.3.jar;C:\Users\AYAAN ALAM\.m2\repository\io\micrometer\micrometer-observation\1.13.8\micrometer-observation-1.13.8.jar;C:\Users\AYAAN ALAM\.m2\repository\io\micrometer\micrometer-commons\1.13.8\micrometer-commons-1.13.8.jar;C:\Users\AYAAN ALAM\.m2\repository\io\micrometer\micrometer-jakarta9\1.13.8\micrometer-jakarta9-1.13.8.jar;C:\Users\AYAAN ALAM\.m2\repository\io\micrometer\micrometer-core\1.13.8\micrometer-core-1.13.8.jar;C:\Users\AYAAN ALAM\.m2\repository\org\hdrhistogram\HdrHistogram\2.2.2\HdrHistogram-2.2.2.jar;C:\Users\AYAAN ALAM\.m2\repository\org\latencyutils\LatencyUtils\2.0.3\LatencyUtils-2.0.3.jar;C:\Users\AYAAN ALAM\.m2\repository\org\springframework\boot\spring-boot-starter-web\3.3.6\spring-boot-starter-web-3.3.6.jar;C:\Users\AYAAN ALAM\.m2\repository\org\springframework\boot\spring-boot-starter-json\3.3.6\spring-boot-starter-json-3.3.6.jar;C:\Users\AYAAN ALAM\.m2\repository\com\fasterxml\jackson\datatype\jackson-datatype-jdk8\2.17.3\jackson-datatype-jdk8-2.17.3.jar;C:\Users\AYAAN ALAM\.m2\repository\com\fasterxml\jackson\module\jackson-module-parameter-names\2.17.3\jackson-module-parameter-names-2.17.3.jar;C:\Users\AYAAN ALAM\.m2\repository\org\springframework\boot\spring-boot-starter-tomcat\3.3.6\spring-boot-starter-tomcat-3.3.6.jar;C:\Users\AYAAN ALAM\.m2\repository\org\apache\tomcat\embed\tomcat-embed-core\10.1.33\tomcat-embed-core-10.1.33.jar;C:\Users\AYAAN ALAM\.m2\repository\org\apache\tomcat\embed\tomcat-embed-el\10.1.33\tomcat-embed-el-10.1.33.jar;C:\Users\AYAAN ALAM\.m2\repository\org\apache\tomcat\embed\tomcat-embed-websocket\10.1.33\tomcat-embed-websocket-10.1.33.jar;C:\Users\AYAAN ALAM\.m2\repository\org\springframework\spring-web\6.1.15\spring-web-6.1.15.jar;C:\Users\AYAAN ALAM\.m2\repository\org\springframework\spring-beans\6.1.15\spring-beans-6.1.15.jar;C:\Users\AYAAN ALAM\.m2\repository\org\springframework\spring-webmvc\6.1.15\spring-webmvc-6.1.15.jar;C:\Users\AYAAN ALAM\.m2\repository\org\springframework\spring-context\6.1.15\spring-context-6.1.15.jar;C:\Users\AYAAN ALAM\.m2\repository\org\springframework\spring-expression\6.1.15\spring-expression-6.1.15.jar;C:\Users\AYAAN ALAM\.m2\repository\org\springframework\boot\spring-boot-devtools\3.3.6\spring-boot-devtools-3.3.6.jar;C:\Users\AYAAN ALAM\.m2\repository\org\springframework\boot\spring-boot\3.3.6\spring-boot-3.3.6.jar;C:\Users\AYAAN ALAM\.m2\repository\org\springframework\boot\spring-boot-autoconfigure\3.3.6\spring-boot-autoconfigure-3.3.6.jar;C:\Users\AYAAN ALAM\.m2\repository\org\springframework\boot\spring-boot-starter-test\3.3.6\spring-boot-starter-test-3.3.6.jar;C:\Users\AYAAN ALAM\.m2\repository\org\springframework\boot\spring-boot-test\3.3.6\spring-boot-test-3.3.6.jar;C:\Users\AYAAN ALAM\.m2\repository\org\springframework\boot\spring-boot-test-autoconfigure\3.3.6\spring-boot-test-autoconfigure-3.3.6.jar;C:\Users\AYAAN ALAM\.m2\repository\com\jayway\jsonpath\json-path\2.9.0\json-path-2.9.0.jar;C:\Users\AYAAN ALAM\.m2\repository\org\slf4j\slf4j-api\2.0.16\slf4j-api-2.0.16.jar;C:\Users\AYAAN ALAM\.m2\repository\jakarta\xml\bind\jakarta.xml.bind-api\4.0.2\jakarta.xml.bind-api-4.0.2.jar;C:\Users\AYAAN ALAM\.m2\repository\jakarta\activation\jakarta.activation-api\2.1.3\jakarta.activation-api-2.1.3.jar;C:\Users\AYAAN ALAM\.m2\repository\net\minidev\json-smart\2.5.1\json-smart-2.5.1.jar;C:\Users\AYAAN ALAM\.m2\repository\net\minidev\accessors-smart\2.5.1\accessors-smart-2.5.1.jar;C:\Users\AYAAN ALAM\.m2\repository\org\ow2\asm\asm\9.6\asm-9.6.jar;C:\Users\AYAAN ALAM\.m2\repository\org\assertj\assertj-core\3.25.3\assertj-core-3.25.3.jar;C:\Users\AYAAN ALAM\.m2\repository\net\bytebuddy\byte-buddy\1.14.19\byte-buddy-1.14.19.jar;C:\Users\AYAAN ALAM\.m2\repository\org\awaitility\awaitility\4.2.2\awaitility-4.2.2.jar;C:\Users\AYAAN ALAM\.m2\repository\org\hamcrest\hamcrest\2.2\hamcrest-2.2.jar;C:\Users\AYAAN ALAM\.m2\repository\org\junit\jupiter\junit-jupiter\5.10.5\junit-jupiter-5.10.5.jar;C:\Users\AYAAN ALAM\.m2\repository\org\junit\jupiter\junit-jupiter-api\5.10.5\junit-jupiter-api-5.10.5.jar;C:\Users\AYAAN ALAM\.m2\repository\org\opentest4j\opentest4j\1.3.0\opentest4j-1.3.0.jar;C:\Users\AYAAN ALAM\.m2\repository\org\junit\platform\junit-platform-commons\1.10.5\junit-platform-commons-1.10.5.jar;C:\Users\AYAAN ALAM\.m2\repository\org\apiguardian\apiguardian-api\1.1.2\apiguardian-api-1.1.2.jar;C:\Users\AYAAN ALAM\.m2\repository\org\junit\jupiter\junit-jupiter-params\5.10.5\junit-jupiter-params-5.10.5.jar;C:\Users\AYAAN ALAM\.m2\repository\org\junit\jupiter\junit-jupiter-engine\5.10.5\junit-jupiter-engine-5.10.5.jar;C:\Users\AYAAN ALAM\.m2\repository\org\junit\platform\junit-platform-engine\1.10.5\junit-platform-engine-1.10.5.jar;C:\Users\AYAAN ALAM\.m2\repository\org\mockito\mockito-core\5.11.0\mockito-core-5.11.0.jar;C:\Users\AYAAN ALAM\.m2\repository\net\bytebuddy\byte-buddy-agent\1.14.19\byte-buddy-agent-1.14.19.jar;C:\Users\AYAAN ALAM\.m2\repository\org\objenesis\objenesis\3.3\objenesis-3.3.jar;C:\Users\AYAAN ALAM\.m2\repository\org\mockito\mockito-junit-jupiter\5.11.0\mockito-junit-jupiter-5.11.0.jar;C:\Users\AYAAN ALAM\.m2\repository\org\skyscreamer\jsonassert\1.5.3\jsonassert-1.5.3.jar;C:\Users\AYAAN ALAM\.m2\repository\com\vaadin\external\google\android-json\0.0.20131108.vaadin1\android-json-0.0.20131108.vaadin1.jar;C:\Users\AYAAN ALAM\.m2\repository\org\springframework\spring-core\6.1.15\spring-core-6.1.15.jar;C:\Users\AYAAN ALAM\.m2\repository\org\springframework\spring-jcl\6.1.15\spring-jcl-6.1.15.jar;C:\Users\AYAAN ALAM\.m2\repository\org\springframework\spring-test\6.1.15\spring-test-6.1.15.jar;C:\Users\AYAAN ALAM\.m2\repository\org\xmlunit\xmlunit-core\2.9.1\xmlunit-core-2.9.1.jar;C:\Users\AYAAN ALAM\.m2\repository\org\springframework\boot\spring-boot-starter-data-mongodb\3.3.6\spring-boot-starter-data-mongodb-3.3.6.jar;C:\Users\AYAAN ALAM\.m2\repository\org\mongodb\mongodb-driver-sync\5.0.1\mongodb-driver-sync-5.0.1.jar;C:\Users\AYAAN ALAM\.m2\repository\org\mongodb\bson\5.0.1\bson-5.0.1.jar;C:\Users\AYAAN ALAM\.m2\repository\org\mongodb\mongodb-driver-core\5.0.1\mongodb-driver-core-5.0.1.jar;C:\Users\AYAAN ALAM\.m2\repository\org\mongodb\bson-record-codec\5.0.1\bson-record-codec-5.0.1.jar;C:\Users\AYAAN ALAM\.m2\repository\org\springframework\data\spring-data-mongodb\4.3.6\spring-data-mongodb-4.3.6.jar;C:\Users\AYAAN ALAM\.m2\repository\org\springframework\spring-tx\6.1.15\spring-tx-6.1.15.jar;C:\Users\AYAAN ALAM\.m2\repository\org\springframework\data\spring-data-commons\3.3.6\spring-data-commons-3.3.6.jar;C:\Users\AYAAN ALAM\.m2\repository\org\projectlombok\lombok\1.18.36\lombok-1.18.36.jar;C:\Users\AYAAN ALAM\.m2\repository\org\springframework\boot\spring-boot-starter-security\3.3.6\spring-boot-starter-security-3.3.6.jar;C:\Users\AYAAN ALAM\.m2\repository\org\springframework\spring-aop\6.1.15\spring-aop-6.1.15.jar;C:\Users\AYAAN ALAM\.m2\repository\org\springframework\security\spring-security-config\6.3.5\spring-security-config-6.3.5.jar;C:\Users\AYAAN ALAM\.m2\repository\org\springframework\security\spring-security-core\6.3.5\spring-security-core-6.3.5.jar;C:\Users\AYAAN ALAM\.m2\repository\org\springframework\security\spring-security-crypto\6.3.5\spring-security-crypto-6.3.5.jar;C:\Users\AYAAN ALAM\.m2\repository\org\springframework\security\spring-security-web\6.3.5\spring-security-web-6.3.5.jar;"/>
    <property name="sun.cpu.endian" value="little"/>
    <property name="user.home" value="C:\Users\AYAAN ALAM"/>
    <property name="user.language" value="en"/>
    <property name="java.specification.vendor" value="Oracle Corporation"/>
    <property name="java.version.date" value="2024-07-16"/>
    <property name="java.home" value="C:\Program Files\Java\jdk-17"/>
    <property name="file.separator" value="\"/>
    <property name="basedir" value="D:\Course Work\SpringBoot Learning\journalapp"/>
    <property name="java.vm.compressedOopsMode" value="Zero based"/>
    <property name="line.separator" value="&#10;"/>
    <property name="java.vm.specification.vendor" value="Oracle Corporation"/>
    <property name="java.specification.name" value="Java Platform API Specification"/>
    <property name="FILE_LOG_CHARSET" value="windows-1252"/>
    <property name="java.awt.headless" value="true"/>
    <property name="surefire.real.class.path" value="C:\Users\AYAAN ALAM\AppData\Local\Temp\surefire16475940004257973582\surefirebooter-20241223152450323_3.jar"/>
    <property name="user.script" value=""/>
    <property name="sun.management.compiler" value="HotSpot 64-Bit Tiered Compilers"/>
    <property name="java.runtime.version" value="17.0.12+8-LTS-286"/>
    <property name="user.name" value="AYAAN ALAM"/>
    <property name="path.separator" value=";"/>
    <property name="os.version" value="10.0"/>
    <property name="java.runtime.name" value="Java(TM) SE Runtime Environment"/>
    <property name="file.encoding" value="Cp1252"/>
    <property name="java.vm.name" value="Java HotSpot(TM) 64-Bit Server VM"/>
    <property name="localRepository" value="C:\Users\AYAAN ALAM\.m2\repository"/>
    <property name="java.vendor.url.bug" value="https://bugreport.java.com/bugreport/"/>
    <property name="java.io.tmpdir" value="C:\Users\AYAANA~1\AppData\Local\Temp\"/>
    <property name="java.version" value="17.0.12"/>
    <property name="user.dir" value="D:\Course Work\SpringBoot Learning\journalapp"/>
    <property name="os.arch" value="amd64"/>
    <property name="java.vm.specification.name" value="Java Virtual Machine Specification"/>
    <property name="PID" value="23904"/>
    <property name="sun.os.patch.level" value=""/>
    <property name="CONSOLE_LOG_CHARSET" value="windows-1252"/>
    <property name="native.encoding" value="Cp1252"/>
    <property name="java.library.path" value="C:\Program Files\Java\jdk-17\bin;C:\WINDOWS\Sun\Java\bin;C:\WINDOWS\system32;C:\WINDOWS;C:\Program Files\Common Files\Oracle\Java\javapath;C:\Windows\system32;C:\Windows;C:\Windows\System32\Wbem;C:\Windows\System32\WindowsPowerShell\v1.0\;C:\Windows\System32\OpenSSH\;C:\Program Files (x86)\NVIDIA Corporation\PhysX\Common;C:\Program Files\MySQL\MySQL Server 8.0\bin;C:\Program Files\MySQL\MySQL Shell 8.0\bin;C:\Program Files\nodejs\;C:\Program Files\apache-maven-3.9.7\bin;C:\Program Files\NVIDIA Corporation\NVIDIA app\NvDLISR;C:\WINDOWS\system32;C:\WINDOWS;C:\WINDOWS\System32\Wbem;C:\WINDOWS\System32\WindowsPowerShell\v1.0\;C:\WINDOWS\System32\OpenSSH\;C:\Program Files\Git\cmd;C:\Program Files\Java\jdk-17\bin;C:\Program Files\MySQL\MySQL Shell 8.0\bin\;C:\Users\AYAAN ALAM\AppData\Local\Programs\Python\Python312\Scripts\;C:\Users\AYAAN ALAM\AppData\Local\Programs\Python\Python312\;C:\Users\AYAAN ALAM\AppData\Local\Microsoft\WindowsApps;C:\Users\AYAAN ALAM\AppData\Local\Programs\Microsoft VS Code\bin;C:\Users\AYAAN ALAM\AppData\Roaming\npm;C:\Program Files\JetBrains\IntelliJ IDEA Community Edition 2024.1.2\bin;;C:\mongosh\;C:\Users\AYAAN ALAM\AppData\Local\spicetify;C:\Users\AYAAN ALAM\AppData\Local\Microsoft\WindowsApps;D:\Software Files\IntelliJ IDEA Community Edition 2024.2.5\bin;;D:\Software Files\IntelliJ IDEA 2024.2.5\bin;;."/>
    <property name="java.vm.info" value="mixed mode, sharing"/>
    <property name="java.vendor" value="Oracle Corporation"/>
    <property name="java.vm.version" value="17.0.12+8-LTS-286"/>
    <property name="sun.io.unicode.encoding" value="UnicodeLittle"/>
    <property name="java.class.version" value="61.0"/>
    <property name="LOGGED_APPLICATION_NAME" value="[journalApp] "/>
  </properties>
  <testcase name="test(int, int, int)" classname="com.ayaanalam.journalapp.service.UserServiceTest" time="0.0">
    <skipped message="public void com.ayaanalam.journalapp.service.UserServiceTest.test(int,int,int) is @Disabled"/>
    <system-out><![CDATA[15:24:51.139 [main] INFO  o.s.t.c.s.AnnotationConfigContextLoaderUtils ------ Could not detect default configuration classes for test class [com.ayaanalam.journalapp.service.UserServiceTest]: UserServiceTest does not declare any static, non-private, non-final, nested classes annotated with @Configuration.    
15:24:51.236 [main] INFO  o.s.b.t.c.SpringBootTestContextBootstrapper ------ Found @SpringBootConfiguration com.ayaanalam.journalapp.JournalApplication for test class com.ayaanalam.journalapp.service.UserServiceTest    
]]></system-out>
  </testcase>
  <testcase name="testFindByUserName" classname="com.ayaanalam.journalapp.service.UserServiceTest" time="0.0">
    <skipped message="public void com.ayaanalam.journalapp.service.UserServiceTest.testFindByUserName() is @Disabled"/>
    <system-out><![CDATA[15:24:51.350 [main] INFO  o.s.b.d.r.RestartApplicationListener ------ Restart disabled due to context in which it is running    

  .   ____          _            __ _ _
 /\\ / ___'_ __ _ _(_)_ __  __ _ \ \ \ \
( ( )\___ | '_ | '_| | '_ \/ _` | \ \ \ \
 \\/  ___)| |_)| | | | | || (_| |  ) ) ) )
  '  |____| .__|_| |_|_| |_\__, | / / / /
 =========|_|==============|___/=/_/_/_/

 :: Spring Boot ::                (v3.3.6)

15:24:51.577 [main] INFO  c.a.j.service.UserServiceTest ------ Starting UserServiceTest using Java 17.0.12 with PID 23904 (started by AYAAN ALAM in D:\Course Work\SpringBoot Learning\journalapp)    
15:24:51.578 [main] INFO  c.a.j.service.UserServiceTest ------ The following 1 profile is active: "dev"    
15:24:52.274 [main] INFO  o.s.d.r.c.RepositoryConfigurationDelegate ------ Bootstrapping Spring Data MongoDB repositories in DEFAULT mode.    
15:24:52.323 [main] INFO  o.s.d.r.c.RepositoryConfigurationDelegate ------ Finished Spring Data repository scanning in 44 ms. Found 2 MongoDB repository interfaces.    
15:24:52.843 [cluster-ClusterId{value='6769336c242db76e5362ff2c', description='Cluster0'}-srv-cluster0.i9xgd.mongodb.net] INFO  org.mongodb.driver.cluster ------ Adding discovered server cluster0-shard-00-00.i9xgd.mongodb.net:27017 to client view of cluster    
15:24:52.858 [main] INFO  org.mongodb.driver.client ------ MongoClient with metadata {"application": {"name": "Cluster0"}, "driver": {"name": "mongo-java-driver|sync|spring-boot", "version": "5.0.1"}, "os": {"type": "Windows", "name": "Windows 11", "architecture": "amd64", "version": "10.0"}, "platform": "Java/Oracle Corporation/17.0.12+8-LTS-286"} created with settings MongoClientSettings{readPreference=primary, writeConcern=WriteConcern{w=majority, wTimeout=null ms, journal=null}, retryWrites=true, retryReads=true, readConcern=ReadConcern{level=null}, credential=MongoCredential{mechanism=null, userName='ayaanmongoDB', source='admin', password=<hidden>, mechanismProperties=<hidden>}, transportSettings=null, commandListeners=[io.micrometer.core.instrument.binder.mongodb.MongoMetricsCommandListener@394fb736], codecRegistry=ProvidersCodecRegistry{codecProviders=[ValueCodecProvider{}, BsonValueCodecProvider{}, DBRefCodecProvider{}, DBObjectCodecProvider{}, DocumentCodecProvider{}, CollectionCodecProvider{}, IterableCodecProvider{}, MapCodecProvider{}, GeoJsonCodecProvider{}, GridFSFileCodecProvider{}, Jsr310CodecProvider{}, JsonObjectCodecProvider{}, BsonCodecProvider{}, EnumCodecProvider{}, com.mongodb.client.model.mql.ExpressionCodecProvider@3070f3e6, com.mongodb.Jep395RecordCodecProvider@3271ec2a, com.mongodb.KotlinCodecProvider@52bba91a]}, loggerSettings=LoggerSettings{maxDocumentLength=1000}, clusterSettings={hosts=[127.0.0.1:27017], srvHost=cluster0.i9xgd.mongodb.net, srvServiceName=mongodb, mode=MULTIPLE, requiredClusterType=REPLICA_SET, requiredReplicaSetName='atlas-n0fq1s-shard-0', serverSelector='null', clusterListeners='[]', serverSelectionTimeout='30000 ms', localThreshold='15 ms'}, socketSettings=SocketSettings{connectTimeoutMS=10000, readTimeoutMS=0, receiveBufferSize=0, proxySettings=ProxySettings{host=null, port=null, username=null, password=null}}, heartbeatSocketSettings=SocketSettings{connectTimeoutMS=10000, readTimeoutMS=10000, receiveBufferSize=0, proxySettings=ProxySettings{host=null, port=null, username=null, password=null}}, connectionPoolSettings=ConnectionPoolSettings{maxSize=100, minSize=0, maxWaitTimeMS=120000, maxConnectionLifeTimeMS=0, maxConnectionIdleTimeMS=0, maintenanceInitialDelayMS=0, maintenanceFrequencyMS=60000, connectionPoolListeners=[io.micrometer.core.instrument.binder.mongodb.MongoMetricsConnectionPoolListener@1689527c], maxConnecting=2}, serverSettings=ServerSettings{heartbeatFrequencyMS=10000, minHeartbeatFrequencyMS=500, serverListeners='[]', serverMonitorListeners='[]'}, sslSettings=SslSettings{enabled=true, invalidHostNameAllowed=false, context=null}, applicationName='Cluster0', compressorList=[], uuidRepresentation=JAVA_LEGACY, serverApi=null, autoEncryptionSettings=null, dnsClient=null, inetAddressResolver=null, contextProvider=null}    
15:24:52.878 [cluster-ClusterId{value='6769336c242db76e5362ff2c', description='Cluster0'}-srv-cluster0.i9xgd.mongodb.net] INFO  org.mongodb.driver.cluster ------ Adding discovered server cluster0-shard-00-01.i9xgd.mongodb.net:27017 to client view of cluster    
15:24:52.882 [cluster-ClusterId{value='6769336c242db76e5362ff2c', description='Cluster0'}-srv-cluster0.i9xgd.mongodb.net] INFO  org.mongodb.driver.cluster ------ Adding discovered server cluster0-shard-00-02.i9xgd.mongodb.net:27017 to client view of cluster    
15:24:53.136 [main] INFO  org.mongodb.driver.cluster ------ Waiting for server to become available for operation with ID 7. Remaining time: 30000 ms. Selector: WritableServerSelector, topology description: {type=REPLICA_SET, servers=[{address=cluster0-shard-00-00.i9xgd.mongodb.net:27017, type=UNKNOWN, state=CONNECTING}, {address=cluster0-shard-00-02.i9xgd.mongodb.net:27017, type=UNKNOWN, state=CONNECTING}, {address=cluster0-shard-00-01.i9xgd.mongodb.net:27017, type=UNKNOWN, state=CONNECTING}].    
15:24:53.319 [cluster-ClusterId{value='6769336c242db76e5362ff2c', description='Cluster0'}-cluster0-shard-00-00.i9xgd.mongodb.net:27017] INFO  org.mongodb.driver.cluster ------ Monitor thread successfully connected to server with description ServerDescription{address=cluster0-shard-00-00.i9xgd.mongodb.net:27017, type=REPLICA_SET_SECONDARY, state=CONNECTED, ok=true, minWireVersion=0, maxWireVersion=25, maxDocumentSize=16777216, logicalSessionTimeoutMinutes=30, roundTripTimeNanos=228262300, setName='atlas-n0fq1s-shard-0', canonicalAddress=cluster0-shard-00-00.i9xgd.mongodb.net:27017, hosts=[cluster0-shard-00-02.i9xgd.mongodb.net:27017, cluster0-shard-00-00.i9xgd.mongodb.net:27017, cluster0-shard-00-01.i9xgd.mongodb.net:27017], passives=[], arbiters=[], primary='cluster0-shard-00-02.i9xgd.mongodb.net:27017', tagSet=TagSet{[Tag{name='availabilityZone', value='aps1-az1'}, Tag{name='diskState', value='READY'}, Tag{name='nodeType', value='ELECTABLE'}, Tag{name='provider', value='AWS'}, Tag{name='region', value='AP_SOUTH_1'}, Tag{name='workloadType', value='OPERATIONAL'}]}, electionId=null, setVersion=136, topologyVersion=TopologyVersion{processId=67666c46e0a2277fc05938ce, counter=4}, lastWriteDate=Mon Dec 23 15:24:51 IST 2024, lastUpdateTimeNanos=9360105532900}    
15:24:53.326 [cluster-ClusterId{value='6769336c242db76e5362ff2c', description='Cluster0'}-cluster0-shard-00-01.i9xgd.mongodb.net:27017] INFO  org.mongodb.driver.cluster ------ Monitor thread successfully connected to server with description ServerDescription{address=cluster0-shard-00-01.i9xgd.mongodb.net:27017, type=REPLICA_SET_SECONDARY, state=CONNECTED, ok=true, minWireVersion=0, maxWireVersion=25, maxDocumentSize=16777216, logicalSessionTimeoutMinutes=30, roundTripTimeNanos=218694100, setName='atlas-n0fq1s-shard-0', canonicalAddress=cluster0-shard-00-01.i9xgd.mongodb.net:27017, hosts=[cluster0-shard-00-02.i9xgd.mongodb.net:27017, cluster0-shard-00-00.i9xgd.mongodb.net:27017, cluster0-shard-00-01.i9xgd.mongodb.net:27017], passives=[], arbiters=[], primary='cluster0-shard-00-02.i9xgd.mongodb.net:27017', tagSet=TagSet{[Tag{name='availabilityZone', value='aps1-az3'}, Tag{name='diskState', value='READY'}, Tag{name='nodeType', value='ELECTABLE'}, Tag{name='provider', value='AWS'}, Tag{name='region', value='AP_SOUTH_1'}, Tag{name='workloadType', value='OPERATIONAL'}]}, electionId=null, setVersion=136, topologyVersion=TopologyVersion{processId=67666d96b145309632b449fc, counter=3}, lastWriteDate=Mon Dec 23 15:24:51 IST 2024, lastUpdateTimeNanos=9360115270600}    
15:24:53.328 [cluster-ClusterId{value='6769336c242db76e5362ff2c', description='Cluster0'}-cluster0-shard-00-02.i9xgd.mongodb.net:27017] INFO  org.mongodb.driver.cluster ------ Monitor thread successfully connected to server with description ServerDescription{address=cluster0-shard-00-02.i9xgd.mongodb.net:27017, type=REPLICA_SET_PRIMARY, state=CONNECTED, ok=true, minWireVersion=0, maxWireVersion=25, maxDocumentSize=16777216, logicalSessionTimeoutMinutes=30, roundTripTimeNanos=220683000, setName='atlas-n0fq1s-shard-0', canonicalAddress=cluster0-shard-00-02.i9xgd.mongodb.net:27017, hosts=[cluster0-shard-00-02.i9xgd.mongodb.net:27017, cluster0-shard-00-00.i9xgd.mongodb.net:27017, cluster0-shard-00-01.i9xgd.mongodb.net:27017], passives=[], arbiters=[], primary='cluster0-shard-00-02.i9xgd.mongodb.net:27017', tagSet=TagSet{[Tag{name='availabilityZone', value='aps1-az2'}, Tag{name='diskState', value='READY'}, Tag{name='nodeType', value='ELECTABLE'}, Tag{name='provider', value='AWS'}, Tag{name='region', value='AP_SOUTH_1'}, Tag{name='workloadType', value='OPERATIONAL'}]}, electionId=7fffffff000000000000007e, setVersion=136, topologyVersion=TopologyVersion{processId=67666b70e654e17bcfb6845b, counter=6}, lastWriteDate=Mon Dec 23 15:24:51 IST 2024, lastUpdateTimeNanos=9360117235500}    
15:24:53.328 [cluster-ClusterId{value='6769336c242db76e5362ff2c', description='Cluster0'}-cluster0-shard-00-02.i9xgd.mongodb.net:27017] INFO  org.mongodb.driver.cluster ------ Discovered replica set primary cluster0-shard-00-02.i9xgd.mongodb.net:27017 with max election id 7fffffff000000000000007e and max set version 136    
15:24:53.801 [main] WARN  o.s.s.c.a.a.c.InitializeUserDetailsBeanManagerConfigurer$InitializeUserDetailsManagerConfigurer ------ Global AuthenticationManager configured with an AuthenticationProvider bean. UserDetailsService beans will not be used for username/password login. Consider removing the AuthenticationProvider bean. Alternatively, consider using the UserDetailsService in a manually instantiated DaoAuthenticationProvider.    
15:24:54.094 [main] INFO  o.s.b.a.e.web.EndpointLinksResolver ------ Exposing 1 endpoint beneath base path '/actuator'    
15:24:54.419 [main] INFO  c.a.j.service.UserServiceTest ------ Started UserServiceTest in 3.077 seconds (process running for 4.004)    
]]></system-out>
  </testcase>
  <testcase name="testSaveNewUser(User)" classname="com.ayaanalam.journalapp.service.UserServiceTest" time="0.0">
    <skipped message="public void com.ayaanalam.journalapp.service.UserServiceTest.testSaveNewUser(com.ayaanalam.journalapp.entity.User) is @Disabled"/>
  </testcase>
</testsuite>